2011/04/21 01:56:22 [error] [exception.CException] exception 'CException' with message 'Property "User.password_repeat_repeat" is not defined.' in /Users/tangchao/Sites/yii-1.1.7.r3135/framework/base/CComponent.php:131
Stack trace:
#0 /Users/tangchao/Sites/yii-1.1.7.r3135/framework/db/ar/CActiveRecord.php(128): CComponent->__get('password_repeat...')
#1 /Users/tangchao/Sites/yii-1.1.7.r3135/framework/validators/CCompareValidator.php(84): CActiveRecord->__get('password_repeat...')
#2 /Users/tangchao/Sites/yii-1.1.7.r3135/framework/validators/CValidator.php(192): CCompareValidator->validateAttribute(Object(User), 'password_repeat')
#3 /Users/tangchao/Sites/yii-1.1.7.r3135/framework/base/CModel.php(152): CValidator->validate(Object(User), NULL)
#4 /Users/tangchao/Sites/yii-1.1.7.r3135/framework/db/ar/CActiveRecord.php(778): CModel->validate(NULL)
#5 /Users/tangchao/Sites/WeeklyReport/protected/controllers/UserController.php(96): CActiveRecord->save()
#6 [internal function]: UserController->actionUpdate('1')
#7 /Users/tangchao/Sites/yii-1.1.7.r3135/framework/web/actions/CAction.php(104): ReflectionMethod->invokeArgs(Object(UserController), Array)
#8 /Users/tangchao/Sites/yii-1.1.7.r3135/framework/web/actions/CInlineAction.php(48): CAction->runWithParamsInternal(Object(UserController), Object(ReflectionMethod), Array)
#9 /Users/tangchao/Sites/yii-1.1.7.r3135/framework/web/CController.php(300): CInlineAction->runWithParams(Array)
#10 /Users/tangchao/Sites/yii-1.1.7.r3135/framework/web/filters/CFilterChain.php(133): CController->runAction(Object(CInlineAction))
#11 /Users/tangchao/Sites/yii-1.1.7.r3135/framework/web/filters/CFilter.php(41): CFilterChain->run()
#12 /Users/tangchao/Sites/yii-1.1.7.r3135/framework/web/CController.php(1122): CFilter->filter(Object(CFilterChain))
#13 /Users/tangchao/Sites/yii-1.1.7.r3135/framework/web/filters/CInlineFilter.php(59): CController->filterAccessControl(Object(CFilterChain))
#14 /Users/tangchao/Sites/yii-1.1.7.r3135/framework/web/filters/CFilterChain.php(130): CInlineFilter->filter(Object(CFilterChain))
#15 /Users/tangchao/Sites/yii-1.1.7.r3135/framework/web/CController.php(283): CFilterChain->run()
#16 /Users/tangchao/Sites/yii-1.1.7.r3135/framework/web/CController.php(257): CController->runActionWithFilters(Object(CInlineAction), Array)
#17 /Users/tangchao/Sites/yii-1.1.7.r3135/framework/web/CWebApplication.php(328): CController->run('update')
#18 /Users/tangchao/Sites/yii-1.1.7.r3135/framework/web/CWebApplication.php(121): CWebApplication->runController('user/update')
#19 /Users/tangchao/Sites/yii-1.1.7.r3135/framework/base/CApplication.php(155): CWebApplication->processRequest()
#20 /Users/tangchao/Sites/WeeklyReport/index.php(13): CApplication->run()
#21 {main} REQUEST_URI=/WeeklyReport/index.php?r=user/update&id=1
2011/04/22 00:38:08 [error] [exception.CDbException] exception 'CDbException' with message 'Table "user" does not have a column named "rxtname".' in /Users/tangchao/Sites/yii-1.1.7.r3135/framework/db/schema/CDbCommandBuilder.php:568
Stack trace:
#0 /Users/tangchao/Sites/yii-1.1.7.r3135/framework/db/ar/CActiveRecord.php(1428): CDbCommandBuilder->createColumnCriteria(Object(CMysqlTableSchema), Array, '', Array, '`t`.')
#1 /Users/tangchao/Sites/WeeklyReport/protected/components/UserIdentity.php(20): CActiveRecord->findByAttributes(Array)
#2 /Users/tangchao/Sites/WeeklyReport/protected/models/LoginForm.php(52): UserIdentity->authenticate()
#3 /Users/tangchao/Sites/yii-1.1.7.r3135/framework/validators/CInlineValidator.php(39): LoginForm->authenticate('password', Array)
#4 /Users/tangchao/Sites/yii-1.1.7.r3135/framework/validators/CValidator.php(192): CInlineValidator->validateAttribute(Object(LoginForm), 'password')
#5 /Users/tangchao/Sites/yii-1.1.7.r3135/framework/base/CModel.php(152): CValidator->validate(Object(LoginForm), NULL)
#6 /Users/tangchao/Sites/WeeklyReport/protected/controllers/SiteController.php(88): CModel->validate()
#7 /Users/tangchao/Sites/yii-1.1.7.r3135/framework/web/actions/CInlineAction.php(50): SiteController->actionLogin()
#8 /Users/tangchao/Sites/yii-1.1.7.r3135/framework/web/CController.php(300): CInlineAction->runWithParams(Array)
#9 /Users/tangchao/Sites/yii-1.1.7.r3135/framework/web/CController.php(278): CController->runAction(Object(CInlineAction))
#10 /Users/tangchao/Sites/yii-1.1.7.r3135/framework/web/CController.php(257): CController->runActionWithFilters(Object(CInlineAction), Array)
#11 /Users/tangchao/Sites/yii-1.1.7.r3135/framework/web/CWebApplication.php(328): CController->run('login')
#12 /Users/tangchao/Sites/yii-1.1.7.r3135/framework/web/CWebApplication.php(121): CWebApplication->runController('site/login')
#13 /Users/tangchao/Sites/yii-1.1.7.r3135/framework/base/CApplication.php(155): CWebApplication->processRequest()
#14 /Users/tangchao/Sites/WeeklyReport/index.php(13): CApplication->run()
#15 {main} REQUEST_URI=/WeeklyReport/index.php?r=site/login
2011/04/22 00:40:53 [error] [exception.CHttpException.404] exception 'CHttpException' with message 'Unable to resolve the request "task".' in /Users/tangchao/Sites/yii-1.1.7.r3135/framework/web/CWebApplication.php:332
Stack trace:
#0 /Users/tangchao/Sites/yii-1.1.7.r3135/framework/web/CWebApplication.php(121): CWebApplication->runController('task')
#1 /Users/tangchao/Sites/yii-1.1.7.r3135/framework/base/CApplication.php(155): CWebApplication->processRequest()
#2 /Users/tangchao/Sites/WeeklyReport/index.php(13): CApplication->run()
#3 {main} REQUEST_URI=/WeeklyReport/index.php?r=task
2011/04/22 00:46:26 [error] [exception.CException] exception 'CException' with message 'CJuiDatePicker must specify "model" and "attribute" or "name" property values.' in /Users/tangchao/Sites/yii-1.1.7.r3135/framework/zii/widgets/jui/CJuiInputWidget.php:54
Stack trace:
#0 /Users/tangchao/Sites/yii-1.1.7.r3135/framework/zii/widgets/jui/CJuiDatePicker.php(75): CJuiInputWidget->resolveNameID()
#1 /Users/tangchao/Sites/yii-1.1.7.r3135/framework/web/CBaseController.php(166): CJuiDatePicker->run()
#2 /Users/tangchao/Sites/WeeklyReport/protected/views/week/_form.php(16): CBaseController->widget('zii.widgets.jui...')
#3 /Users/tangchao/Sites/yii-1.1.7.r3135/framework/web/CBaseController.php(119): require('/Users/tangchao...')
#4 /Users/tangchao/Sites/yii-1.1.7.r3135/framework/web/CBaseController.php(88): CBaseController->renderInternal('/Users/tangchao...', Array, true)
#5 /Users/tangchao/Sites/yii-1.1.7.r3135/framework/web/CController.php(866): CBaseController->renderFile('/Users/tangchao...', Array, true)
#6 /Users/tangchao/Sites/WeeklyReport/protected/views/week/create.php(15): CController->renderPartial('_form', Array)
#7 /Users/tangchao/Sites/yii-1.1.7.r3135/framework/web/CBaseController.php(119): require('/Users/tangchao...')
#8 /Users/tangchao/Sites/yii-1.1.7.r3135/framework/web/CBaseController.php(88): CBaseController->renderInternal('/Users/tangchao...', Array, true)
#9 /Users/tangchao/Sites/yii-1.1.7.r3135/framework/web/CController.php(866): CBaseController->renderFile('/Users/tangchao...', Array, true)
#10 /Users/tangchao/Sites/yii-1.1.7.r3135/framework/web/CController.php(779): CController->renderPartial('create', Array, true)
#11 /Users/tangchao/Sites/WeeklyReport/protected/controllers/WeekController.php(78): CController->render('create', Array)
#12 /Users/tangchao/Sites/yii-1.1.7.r3135/framework/web/actions/CInlineAction.php(50): WeekController->actionCreate()
#13 /Users/tangchao/Sites/yii-1.1.7.r3135/framework/web/CController.php(300): CInlineAction->runWithParams(Array)
#14 /Users/tangchao/Sites/yii-1.1.7.r3135/framework/web/filters/CFilterChain.php(133): CController->runAction(Object(CInlineAction))
#15 /Users/tangchao/Sites/yii-1.1.7.r3135/framework/web/filters/CFilter.php(41): CFilterChain->run()
#16 /Users/tangchao/Sites/yii-1.1.7.r3135/framework/web/CController.php(1122): CFilter->filter(Object(CFilterChain))
#17 /Users/tangchao/Sites/yii-1.1.7.r3135/framework/web/filters/CInlineFilter.php(59): CController->filterAccessControl(Object(CFilterChain))
#18 /Users/tangchao/Sites/yii-1.1.7.r3135/framework/web/filters/CFilterChain.php(130): CInlineFilter->filter(Object(CFilterChain))
#19 /Users/tangchao/Sites/yii-1.1.7.r3135/framework/web/CController.php(283): CFilterChain->run()
#20 /Users/tangchao/Sites/yii-1.1.7.r3135/framework/web/CController.php(257): CController->runActionWithFilters(Object(CInlineAction), Array)
#21 /Users/tangchao/Sites/yii-1.1.7.r3135/framework/web/CWebApplication.php(328): CController->run('create')
#22 /Users/tangchao/Sites/yii-1.1.7.r3135/framework/web/CWebApplication.php(121): CWebApplication->runController('week/create')
#23 /Users/tangchao/Sites/yii-1.1.7.r3135/framework/base/CApplication.php(155): CWebApplication->processRequest()
#24 /Users/tangchao/Sites/WeeklyReport/index.php(13): CApplication->run()
#25 {main} REQUEST_URI=/WeeklyReport/index.php?r=week/create
2011/04/22 00:47:38 [error] [exception.CException] exception 'CException' with message 'Property "CJuiDatePicker.start" is not defined.' in /Users/tangchao/Sites/yii-1.1.7.r3135/framework/base/CComponent.php:173
Stack trace:
#0 /Users/tangchao/Sites/yii-1.1.7.r3135/framework/web/CWidgetFactory.php(162): CComponent->__set('start', NULL)
#1 /Users/tangchao/Sites/yii-1.1.7.r3135/framework/web/CBaseController.php(139): CWidgetFactory->createWidget(Object(WeekController), 'zii.widgets.jui...', Object(Week))
#2 /Users/tangchao/Sites/yii-1.1.7.r3135/framework/web/CBaseController.php(159): CBaseController->createWidget('zii.widgets.jui...', Object(Week))
#3 /Users/tangchao/Sites/WeeklyReport/protected/views/week/_form.php(16): CBaseController->widget('zii.widgets.jui...', Object(Week), 'start')
#4 /Users/tangchao/Sites/yii-1.1.7.r3135/framework/web/CBaseController.php(119): require('/Users/tangchao...')
#5 /Users/tangchao/Sites/yii-1.1.7.r3135/framework/web/CBaseController.php(88): CBaseController->renderInternal('/Users/tangchao...', Array, true)
#6 /Users/tangchao/Sites/yii-1.1.7.r3135/framework/web/CController.php(866): CBaseController->renderFile('/Users/tangchao...', Array, true)
#7 /Users/tangchao/Sites/WeeklyReport/protected/views/week/create.php(15): CController->renderPartial('_form', Array)
#8 /Users/tangchao/Sites/yii-1.1.7.r3135/framework/web/CBaseController.php(119): require('/Users/tangchao...')
#9 /Users/tangchao/Sites/yii-1.1.7.r3135/framework/web/CBaseController.php(88): CBaseController->renderInternal('/Users/tangchao...', Array, true)
#10 /Users/tangchao/Sites/yii-1.1.7.r3135/framework/web/CController.php(866): CBaseController->renderFile('/Users/tangchao...', Array, true)
#11 /Users/tangchao/Sites/yii-1.1.7.r3135/framework/web/CController.php(779): CController->renderPartial('create', Array, true)
#12 /Users/tangchao/Sites/WeeklyReport/protected/controllers/WeekController.php(78): CController->render('create', Array)
#13 /Users/tangchao/Sites/yii-1.1.7.r3135/framework/web/actions/CInlineAction.php(50): WeekController->actionCreate()
#14 /Users/tangchao/Sites/yii-1.1.7.r3135/framework/web/CController.php(300): CInlineAction->runWithParams(Array)
#15 /Users/tangchao/Sites/yii-1.1.7.r3135/framework/web/filters/CFilterChain.php(133): CController->runAction(Object(CInlineAction))
#16 /Users/tangchao/Sites/yii-1.1.7.r3135/framework/web/filters/CFilter.php(41): CFilterChain->run()
#17 /Users/tangchao/Sites/yii-1.1.7.r3135/framework/web/CController.php(1122): CFilter->filter(Object(CFilterChain))
#18 /Users/tangchao/Sites/yii-1.1.7.r3135/framework/web/filters/CInlineFilter.php(59): CController->filterAccessControl(Object(CFilterChain))
#19 /Users/tangchao/Sites/yii-1.1.7.r3135/framework/web/filters/CFilterChain.php(130): CInlineFilter->filter(Object(CFilterChain))
#20 /Users/tangchao/Sites/yii-1.1.7.r3135/framework/web/CController.php(283): CFilterChain->run()
#21 /Users/tangchao/Sites/yii-1.1.7.r3135/framework/web/CController.php(257): CController->runActionWithFilters(Object(CInlineAction), Array)
#22 /Users/tangchao/Sites/yii-1.1.7.r3135/framework/web/CWebApplication.php(328): CController->run('create')
#23 /Users/tangchao/Sites/yii-1.1.7.r3135/framework/web/CWebApplication.php(121): CWebApplication->runController('week/create')
#24 /Users/tangchao/Sites/yii-1.1.7.r3135/framework/base/CApplication.php(155): CWebApplication->processRequest()
#25 /Users/tangchao/Sites/WeeklyReport/index.php(13): CApplication->run()
#26 {main} REQUEST_URI=/WeeklyReport/index.php?r=week/create
2011/04/22 01:27:00 [error] [exception.CException] exception 'CException' with message 'Property "Task." is not defined.' in /Users/tangchao/Sites/yii-1.1.7.r3135/framework/base/CComponent.php:131
Stack trace:
#0 /Users/tangchao/Sites/yii-1.1.7.r3135/framework/db/ar/CActiveRecord.php(128): CComponent->__get('')
#1 /Users/tangchao/Sites/yii-1.1.7.r3135/framework/web/helpers/CHtml.php(2050): CActiveRecord->__get('')
#2 /Users/tangchao/Sites/yii-1.1.7.r3135/framework/web/helpers/CHtml.php(1777): CHtml::resolveValue(Object(Task), NULL)
#3 /Users/tangchao/Sites/yii-1.1.7.r3135/framework/web/helpers/CHtml.php(1200): CHtml::activeInputField('hidden', Object(Task), NULL, Array)
#4 /Users/tangchao/Sites/yii-1.1.7.r3135/framework/zii/widgets/jui/CJuiSliderInput.php(111): CHtml::activeHiddenField(Object(Task), NULL, Array)
#5 /Users/tangchao/Sites/yii-1.1.7.r3135/framework/web/CBaseController.php(166): CJuiSliderInput->run()
#6 /Users/tangchao/Sites/WeeklyReport/protected/views/task/_form.php(56): CBaseController->widget('zii.widgets.jui...', Array)
#7 /Users/tangchao/Sites/yii-1.1.7.r3135/framework/web/CBaseController.php(119): require('/Users/tangchao...')
#8 /Users/tangchao/Sites/yii-1.1.7.r3135/framework/web/CBaseController.php(88): CBaseController->renderInternal('/Users/tangchao...', Array, true)
#9 /Users/tangchao/Sites/yii-1.1.7.r3135/framework/web/CController.php(866): CBaseController->renderFile('/Users/tangchao...', Array, true)
#10 /Users/tangchao/Sites/WeeklyReport/protected/views/task/create.php(15): CController->renderPartial('_form', Array)
#11 /Users/tangchao/Sites/yii-1.1.7.r3135/framework/web/CBaseController.php(119): require('/Users/tangchao...')
#12 /Users/tangchao/Sites/yii-1.1.7.r3135/framework/web/CBaseController.php(88): CBaseController->renderInternal('/Users/tangchao...', Array, true)
#13 /Users/tangchao/Sites/yii-1.1.7.r3135/framework/web/CController.php(866): CBaseController->renderFile('/Users/tangchao...', Array, true)
#14 /Users/tangchao/Sites/yii-1.1.7.r3135/framework/web/CController.php(779): CController->renderPartial('create', Array, true)
#15 /Users/tangchao/Sites/WeeklyReport/protected/controllers/TaskController.php(78): CController->render('create', Array)
#16 /Users/tangchao/Sites/yii-1.1.7.r3135/framework/web/actions/CInlineAction.php(50): TaskController->actionCreate()
#17 /Users/tangchao/Sites/yii-1.1.7.r3135/framework/web/CController.php(300): CInlineAction->runWithParams(Array)
#18 /Users/tangchao/Sites/yii-1.1.7.r3135/framework/web/filters/CFilterChain.php(133): CController->runAction(Object(CInlineAction))
#19 /Users/tangchao/Sites/yii-1.1.7.r3135/framework/web/filters/CFilter.php(41): CFilterChain->run()
#20 /Users/tangchao/Sites/yii-1.1.7.r3135/framework/web/CController.php(1122): CFilter->filter(Object(CFilterChain))
#21 /Users/tangchao/Sites/yii-1.1.7.r3135/framework/web/filters/CInlineFilter.php(59): CController->filterAccessControl(Object(CFilterChain))
#22 /Users/tangchao/Sites/yii-1.1.7.r3135/framework/web/filters/CFilterChain.php(130): CInlineFilter->filter(Object(CFilterChain))
#23 /Users/tangchao/Sites/yii-1.1.7.r3135/framework/web/CController.php(283): CFilterChain->run()
#24 /Users/tangchao/Sites/yii-1.1.7.r3135/framework/web/CController.php(257): CController->runActionWithFilters(Object(CInlineAction), Array)
#25 /Users/tangchao/Sites/yii-1.1.7.r3135/framework/web/CWebApplication.php(328): CController->run('create')
#26 /Users/tangchao/Sites/yii-1.1.7.r3135/framework/web/CWebApplication.php(121): CWebApplication->runController('task/create')
#27 /Users/tangchao/Sites/yii-1.1.7.r3135/framework/base/CApplication.php(155): CWebApplication->processRequest()
#28 /Users/tangchao/Sites/WeeklyReport/index.php(13): CApplication->run()
#29 {main} REQUEST_URI=/WeeklyReport/index.php?r=task/create
2011/04/22 14:56:02 [error] [exception.CException] exception 'CException' with message 'Property "Lookup.lookupType" is not defined.' in /Users/tangchao/Sites/yii-1.1.7.r3135/framework/base/CComponent.php:131
Stack trace:
#0 /Users/tangchao/Sites/yii-1.1.7.r3135/framework/db/ar/CActiveRecord.php(128): CComponent->__get('lookupType')
#1 /Users/tangchao/Sites/WeeklyReport/protected/views/lookup/_form.php(27): CActiveRecord->__get('lookupType')
#2 /Users/tangchao/Sites/yii-1.1.7.r3135/framework/web/CBaseController.php(119): require('/Users/tangchao...')
#3 /Users/tangchao/Sites/yii-1.1.7.r3135/framework/web/CBaseController.php(88): CBaseController->renderInternal('/Users/tangchao...', Array, true)
#4 /Users/tangchao/Sites/yii-1.1.7.r3135/framework/web/CController.php(866): CBaseController->renderFile('/Users/tangchao...', Array, true)
#5 /Users/tangchao/Sites/WeeklyReport/protected/views/lookup/create.php(15): CController->renderPartial('_form', Array)
#6 /Users/tangchao/Sites/yii-1.1.7.r3135/framework/web/CBaseController.php(119): require('/Users/tangchao...')
#7 /Users/tangchao/Sites/yii-1.1.7.r3135/framework/web/CBaseController.php(88): CBaseController->renderInternal('/Users/tangchao...', Array, true)
#8 /Users/tangchao/Sites/yii-1.1.7.r3135/framework/web/CController.php(866): CBaseController->renderFile('/Users/tangchao...', Array, true)
#9 /Users/tangchao/Sites/yii-1.1.7.r3135/framework/web/CController.php(779): CController->renderPartial('create', Array, true)
#10 /Users/tangchao/Sites/WeeklyReport/protected/controllers/LookupController.php(78): CController->render('create', Array)
#11 /Users/tangchao/Sites/yii-1.1.7.r3135/framework/web/actions/CInlineAction.php(50): LookupController->actionCreate()
#12 /Users/tangchao/Sites/yii-1.1.7.r3135/framework/web/CController.php(300): CInlineAction->runWithParams(Array)
#13 /Users/tangchao/Sites/yii-1.1.7.r3135/framework/web/filters/CFilterChain.php(133): CController->runAction(Object(CInlineAction))
#14 /Users/tangchao/Sites/yii-1.1.7.r3135/framework/web/filters/CFilter.php(41): CFilterChain->run()
#15 /Users/tangchao/Sites/yii-1.1.7.r3135/framework/web/CController.php(1122): CFilter->filter(Object(CFilterChain))
#16 /Users/tangchao/Sites/yii-1.1.7.r3135/framework/web/filters/CInlineFilter.php(59): CController->filterAccessControl(Object(CFilterChain))
#17 /Users/tangchao/Sites/yii-1.1.7.r3135/framework/web/filters/CFilterChain.php(130): CInlineFilter->filter(Object(CFilterChain))
#18 /Users/tangchao/Sites/yii-1.1.7.r3135/framework/web/CController.php(283): CFilterChain->run()
#19 /Users/tangchao/Sites/yii-1.1.7.r3135/framework/web/CController.php(257): CController->runActionWithFilters(Object(CInlineAction), Array)
#20 /Users/tangchao/Sites/yii-1.1.7.r3135/framework/web/CWebApplication.php(328): CController->run('create')
#21 /Users/tangchao/Sites/yii-1.1.7.r3135/framework/web/CWebApplication.php(121): CWebApplication->runController('lookup/create')
#22 /Users/tangchao/Sites/yii-1.1.7.r3135/framework/base/CApplication.php(155): CWebApplication->processRequest()
#23 /Users/tangchao/Sites/WeeklyReport/index.php(13): CApplication->run()
#24 {main} REQUEST_URI=/WeeklyReport/index.php?r=lookup/create
2011/04/24 14:44:58 [error] [php] Undefined variable: dataProvider (/Users/tangchao/Sites/WeeklyReport/protected/views/site/index.php:20)
Stack trace:
#0 /Users/tangchao/Sites/yii-1.1.7.r3135/framework/web/CController.php(866): SiteController->renderFile()
#1 /Users/tangchao/Sites/yii-1.1.7.r3135/framework/web/CController.php(779): SiteController->renderPartial()
#2 /Users/tangchao/Sites/WeeklyReport/protected/controllers/SiteController.php(42): SiteController->render()
#3 /Users/tangchao/Sites/yii-1.1.7.r3135/framework/web/actions/CInlineAction.php(50): SiteController->actionIndex()
#4 /Users/tangchao/Sites/yii-1.1.7.r3135/framework/web/CController.php(300): CInlineAction->runWithParams()
#5 /Users/tangchao/Sites/yii-1.1.7.r3135/framework/web/CController.php(278): SiteController->runAction()
#6 /Users/tangchao/Sites/yii-1.1.7.r3135/framework/web/CController.php(257): SiteController->runActionWithFilters()
#7 /Users/tangchao/Sites/yii-1.1.7.r3135/framework/web/CWebApplication.php(328): SiteController->run()
#8 /Users/tangchao/Sites/yii-1.1.7.r3135/framework/web/CWebApplication.php(121): CWebApplication->runController()
#9 /Users/tangchao/Sites/yii-1.1.7.r3135/framework/base/CApplication.php(155): CWebApplication->processRequest()
#10 /Users/tangchao/Sites/WeeklyReport/index.php(13): CWebApplication->run()
REQUEST_URI=/WeeklyReport/index.php?r=site/index
in /Users/tangchao/Sites/WeeklyReport/protected/views/site/index.php (20)
in /Users/tangchao/Sites/WeeklyReport/protected/controllers/SiteController.php (42)
in /Users/tangchao/Sites/WeeklyReport/index.php (13)
2011/04/24 15:08:42 [error] [php] Undefined variable: week_id (/Users/tangchao/Sites/WeeklyReport/protected/views/site/index.php:34)
Stack trace:
#0 /Users/tangchao/Sites/yii-1.1.7.r3135/framework/web/CController.php(866): SiteController->renderFile()
#1 /Users/tangchao/Sites/yii-1.1.7.r3135/framework/web/CController.php(779): SiteController->renderPartial()
#2 /Users/tangchao/Sites/WeeklyReport/protected/controllers/SiteController.php(44): SiteController->render()
#3 unknown(0): SiteController->actionIndex()
#4 /Users/tangchao/Sites/yii-1.1.7.r3135/framework/web/actions/CAction.php(104): ReflectionMethod->invokeArgs()
#5 /Users/tangchao/Sites/yii-1.1.7.r3135/framework/web/actions/CInlineAction.php(48): CInlineAction->runWithParamsInternal()
#6 /Users/tangchao/Sites/yii-1.1.7.r3135/framework/web/CController.php(300): CInlineAction->runWithParams()
#7 /Users/tangchao/Sites/yii-1.1.7.r3135/framework/web/CController.php(278): SiteController->runAction()
#8 /Users/tangchao/Sites/yii-1.1.7.r3135/framework/web/CController.php(257): SiteController->runActionWithFilters()
#9 /Users/tangchao/Sites/yii-1.1.7.r3135/framework/web/CWebApplication.php(328): SiteController->run()
#10 /Users/tangchao/Sites/yii-1.1.7.r3135/framework/web/CWebApplication.php(121): CWebApplication->runController()
#11 /Users/tangchao/Sites/yii-1.1.7.r3135/framework/base/CApplication.php(155): CWebApplication->processRequest()
#12 /Users/tangchao/Sites/WeeklyReport/index.php(13): CWebApplication->run()
REQUEST_URI=/WeeklyReport/index.php?r=site/index&week_id=1
in /Users/tangchao/Sites/WeeklyReport/protected/views/site/index.php (34)
in /Users/tangchao/Sites/WeeklyReport/protected/controllers/SiteController.php (44)
in /Users/tangchao/Sites/WeeklyReport/index.php (13)
2011/04/24 15:09:26 [error] [exception.CHttpException.400] exception 'CHttpException' with message 'Your request is invalid.' in /Users/tangchao/Sites/yii-1.1.7.r3135/framework/web/CController.php:328
Stack trace:
#0 /Users/tangchao/Sites/yii-1.1.7.r3135/framework/web/CController.php(301): CController->invalidActionParams(Object(CInlineAction))
#1 /Users/tangchao/Sites/yii-1.1.7.r3135/framework/web/CController.php(278): CController->runAction(Object(CInlineAction))
#2 /Users/tangchao/Sites/yii-1.1.7.r3135/framework/web/CController.php(257): CController->runActionWithFilters(Object(CInlineAction), Array)
#3 /Users/tangchao/Sites/yii-1.1.7.r3135/framework/web/CWebApplication.php(328): CController->run('index')
#4 /Users/tangchao/Sites/yii-1.1.7.r3135/framework/web/CWebApplication.php(121): CWebApplication->runController('site/index')
#5 /Users/tangchao/Sites/yii-1.1.7.r3135/framework/base/CApplication.php(155): CWebApplication->processRequest()
#6 /Users/tangchao/Sites/WeeklyReport/index.php(13): CApplication->run()
#7 {main} REQUEST_URI=/WeeklyReport/index.php?r=site/index
2011/04/24 15:09:34 [error] [exception.CHttpException.400] exception 'CHttpException' with message 'Your request is invalid.' in /Users/tangchao/Sites/yii-1.1.7.r3135/framework/web/CController.php:328
Stack trace:
#0 /Users/tangchao/Sites/yii-1.1.7.r3135/framework/web/CController.php(301): CController->invalidActionParams(Object(CInlineAction))
#1 /Users/tangchao/Sites/yii-1.1.7.r3135/framework/web/CController.php(278): CController->runAction(Object(CInlineAction))
#2 /Users/tangchao/Sites/yii-1.1.7.r3135/framework/web/CController.php(257): CController->runActionWithFilters(Object(CInlineAction), Array)
#3 /Users/tangchao/Sites/yii-1.1.7.r3135/framework/web/CWebApplication.php(328): CController->run('')
#4 /Users/tangchao/Sites/yii-1.1.7.r3135/framework/web/CWebApplication.php(121): CWebApplication->runController('')
#5 /Users/tangchao/Sites/yii-1.1.7.r3135/framework/base/CApplication.php(155): CWebApplication->processRequest()
#6 /Users/tangchao/Sites/WeeklyReport/index.php(13): CApplication->run()
#7 {main} REQUEST_URI=/WeeklyReport/index.php
2011/04/24 16:30:46 [error] [php] Undefined variable: curr_week (/Users/tangchao/Sites/WeeklyReport/protected/controllers/SiteController.php:49)
Stack trace:
#0 /Users/tangchao/Sites/yii-1.1.7.r3135/framework/web/actions/CInlineAction.php(48): CInlineAction->runWithParamsInternal()
#1 /Users/tangchao/Sites/yii-1.1.7.r3135/framework/web/CController.php(300): CInlineAction->runWithParams()
#2 /Users/tangchao/Sites/yii-1.1.7.r3135/framework/web/CController.php(278): SiteController->runAction()
#3 /Users/tangchao/Sites/yii-1.1.7.r3135/framework/web/CController.php(257): SiteController->runActionWithFilters()
#4 /Users/tangchao/Sites/yii-1.1.7.r3135/framework/web/CWebApplication.php(328): SiteController->run()
#5 /Users/tangchao/Sites/yii-1.1.7.r3135/framework/web/CWebApplication.php(121): CWebApplication->runController()
#6 /Users/tangchao/Sites/yii-1.1.7.r3135/framework/base/CApplication.php(155): CWebApplication->processRequest()
#7 /Users/tangchao/Sites/WeeklyReport/index.php(13): CWebApplication->run()
REQUEST_URI=/WeeklyReport/index.php
in /Users/tangchao/Sites/WeeklyReport/protected/controllers/SiteController.php (49)
in /Users/tangchao/Sites/WeeklyReport/index.php (13)
2011/04/24 17:29:53 [error] [php] Undefined variable: projects (/Users/tangchao/Sites/WeeklyReport/protected/views/task/_form.php:27)
Stack trace:
#0 /Users/tangchao/Sites/yii-1.1.7.r3135/framework/web/CController.php(866): TaskController->renderFile()
#1 /Users/tangchao/Sites/WeeklyReport/protected/views/task/create.php(15): TaskController->renderPartial()
#2 /Users/tangchao/Sites/yii-1.1.7.r3135/framework/web/CBaseController.php(119): require()
#3 /Users/tangchao/Sites/yii-1.1.7.r3135/framework/web/CBaseController.php(88): TaskController->renderInternal()
#4 /Users/tangchao/Sites/yii-1.1.7.r3135/framework/web/CController.php(866): TaskController->renderFile()
#5 /Users/tangchao/Sites/yii-1.1.7.r3135/framework/web/CController.php(779): TaskController->renderPartial()
#6 /Users/tangchao/Sites/WeeklyReport/protected/controllers/TaskController.php(91): TaskController->render()
#7 /Users/tangchao/Sites/yii-1.1.7.r3135/framework/web/actions/CInlineAction.php(50): TaskController->actionCreate()
#8 /Users/tangchao/Sites/yii-1.1.7.r3135/framework/web/CController.php(300): CInlineAction->runWithParams()
#9 /Users/tangchao/Sites/yii-1.1.7.r3135/framework/web/filters/CFilterChain.php(133): TaskController->runAction()
#10 /Users/tangchao/Sites/yii-1.1.7.r3135/framework/web/filters/CFilter.php(41): CFilterChain->run()
#11 /Users/tangchao/Sites/yii-1.1.7.r3135/framework/web/CController.php(1122): CAccessControlFilter->filter()
#12 /Users/tangchao/Sites/yii-1.1.7.r3135/framework/web/filters/CInlineFilter.php(59): TaskController->filterAccessControl()
#13 /Users/tangchao/Sites/yii-1.1.7.r3135/framework/web/filters/CFilterChain.php(130): CInlineFilter->filter()
#14 /Users/tangchao/Sites/yii-1.1.7.r3135/framework/web/CController.php(283): CFilterChain->run()
#15 /Users/tangchao/Sites/yii-1.1.7.r3135/framework/web/CController.php(257): TaskController->runActionWithFilters()
#16 /Users/tangchao/Sites/yii-1.1.7.r3135/framework/web/CWebApplication.php(328): TaskController->run()
#17 /Users/tangchao/Sites/yii-1.1.7.r3135/framework/web/CWebApplication.php(121): CWebApplication->runController()
#18 /Users/tangchao/Sites/yii-1.1.7.r3135/framework/base/CApplication.php(155): CWebApplication->processRequest()
#19 /Users/tangchao/Sites/WeeklyReport/index.php(13): CWebApplication->run()
REQUEST_URI=/WeeklyReport/index.php?r=task/create
in /Users/tangchao/Sites/WeeklyReport/protected/views/task/_form.php (27)
in /Users/tangchao/Sites/WeeklyReport/protected/views/task/create.php (15)
in /Users/tangchao/Sites/WeeklyReport/protected/controllers/TaskController.php (91)
2011/04/24 17:31:02 [error] [php] Undefined variable: projects (/Users/tangchao/Sites/WeeklyReport/protected/views/task/_form.php:27)
Stack trace:
#0 /Users/tangchao/Sites/yii-1.1.7.r3135/framework/web/CController.php(866): TaskController->renderFile()
#1 /Users/tangchao/Sites/WeeklyReport/protected/views/task/create.php(15): TaskController->renderPartial()
#2 /Users/tangchao/Sites/yii-1.1.7.r3135/framework/web/CBaseController.php(119): require()
#3 /Users/tangchao/Sites/yii-1.1.7.r3135/framework/web/CBaseController.php(88): TaskController->renderInternal()
#4 /Users/tangchao/Sites/yii-1.1.7.r3135/framework/web/CController.php(866): TaskController->renderFile()
#5 /Users/tangchao/Sites/yii-1.1.7.r3135/framework/web/CController.php(779): TaskController->renderPartial()
#6 /Users/tangchao/Sites/WeeklyReport/protected/controllers/TaskController.php(91): TaskController->render()
#7 /Users/tangchao/Sites/yii-1.1.7.r3135/framework/web/actions/CInlineAction.php(50): TaskController->actionCreate()
#8 /Users/tangchao/Sites/yii-1.1.7.r3135/framework/web/CController.php(300): CInlineAction->runWithParams()
#9 /Users/tangchao/Sites/yii-1.1.7.r3135/framework/web/filters/CFilterChain.php(133): TaskController->runAction()
#10 /Users/tangchao/Sites/yii-1.1.7.r3135/framework/web/filters/CFilter.php(41): CFilterChain->run()
#11 /Users/tangchao/Sites/yii-1.1.7.r3135/framework/web/CController.php(1122): CAccessControlFilter->filter()
#12 /Users/tangchao/Sites/yii-1.1.7.r3135/framework/web/filters/CInlineFilter.php(59): TaskController->filterAccessControl()
#13 /Users/tangchao/Sites/yii-1.1.7.r3135/framework/web/filters/CFilterChain.php(130): CInlineFilter->filter()
#14 /Users/tangchao/Sites/yii-1.1.7.r3135/framework/web/CController.php(283): CFilterChain->run()
#15 /Users/tangchao/Sites/yii-1.1.7.r3135/framework/web/CController.php(257): TaskController->runActionWithFilters()
#16 /Users/tangchao/Sites/yii-1.1.7.r3135/framework/web/CWebApplication.php(328): TaskController->run()
#17 /Users/tangchao/Sites/yii-1.1.7.r3135/framework/web/CWebApplication.php(121): CWebApplication->runController()
#18 /Users/tangchao/Sites/yii-1.1.7.r3135/framework/base/CApplication.php(155): CWebApplication->processRequest()
#19 /Users/tangchao/Sites/WeeklyReport/index.php(13): CWebApplication->run()
REQUEST_URI=/WeeklyReport/index.php?r=task/create
in /Users/tangchao/Sites/WeeklyReport/protected/views/task/_form.php (27)
in /Users/tangchao/Sites/WeeklyReport/protected/views/task/create.php (15)
in /Users/tangchao/Sites/WeeklyReport/protected/controllers/TaskController.php (91)
2011/04/24 17:32:18 [error] [php] Undefined variable: projects (/Users/tangchao/Sites/WeeklyReport/protected/views/task/_form.php:27)
Stack trace:
#0 /Users/tangchao/Sites/yii-1.1.7.r3135/framework/web/CController.php(866): TaskController->renderFile()
#1 /Users/tangchao/Sites/WeeklyReport/protected/views/task/create.php(15): TaskController->renderPartial()
#2 /Users/tangchao/Sites/yii-1.1.7.r3135/framework/web/CBaseController.php(119): require()
#3 /Users/tangchao/Sites/yii-1.1.7.r3135/framework/web/CBaseController.php(88): TaskController->renderInternal()
#4 /Users/tangchao/Sites/yii-1.1.7.r3135/framework/web/CController.php(866): TaskController->renderFile()
#5 /Users/tangchao/Sites/yii-1.1.7.r3135/framework/web/CController.php(779): TaskController->renderPartial()
#6 /Users/tangchao/Sites/WeeklyReport/protected/controllers/TaskController.php(91): TaskController->render()
#7 /Users/tangchao/Sites/yii-1.1.7.r3135/framework/web/actions/CInlineAction.php(50): TaskController->actionCreate()
#8 /Users/tangchao/Sites/yii-1.1.7.r3135/framework/web/CController.php(300): CInlineAction->runWithParams()
#9 /Users/tangchao/Sites/yii-1.1.7.r3135/framework/web/filters/CFilterChain.php(133): TaskController->runAction()
#10 /Users/tangchao/Sites/yii-1.1.7.r3135/framework/web/filters/CFilter.php(41): CFilterChain->run()
#11 /Users/tangchao/Sites/yii-1.1.7.r3135/framework/web/CController.php(1122): CAccessControlFilter->filter()
#12 /Users/tangchao/Sites/yii-1.1.7.r3135/framework/web/filters/CInlineFilter.php(59): TaskController->filterAccessControl()
#13 /Users/tangchao/Sites/yii-1.1.7.r3135/framework/web/filters/CFilterChain.php(130): CInlineFilter->filter()
#14 /Users/tangchao/Sites/yii-1.1.7.r3135/framework/web/CController.php(283): CFilterChain->run()
#15 /Users/tangchao/Sites/yii-1.1.7.r3135/framework/web/CController.php(257): TaskController->runActionWithFilters()
#16 /Users/tangchao/Sites/yii-1.1.7.r3135/framework/web/CWebApplication.php(328): TaskController->run()
#17 /Users/tangchao/Sites/yii-1.1.7.r3135/framework/web/CWebApplication.php(121): CWebApplication->runController()
#18 /Users/tangchao/Sites/yii-1.1.7.r3135/framework/base/CApplication.php(155): CWebApplication->processRequest()
#19 /Users/tangchao/Sites/WeeklyReport/index.php(13): CWebApplication->run()
REQUEST_URI=/WeeklyReport/index.php?r=task/create
in /Users/tangchao/Sites/WeeklyReport/protected/views/task/_form.php (27)
in /Users/tangchao/Sites/WeeklyReport/protected/views/task/create.php (15)
in /Users/tangchao/Sites/WeeklyReport/protected/controllers/TaskController.php (91)
2011/04/24 17:37:53 [error] [exception.CException] exception 'CException' with message 'Property "CWebUser.rtxname" is not defined.' in /Users/tangchao/Sites/yii-1.1.7.r3135/framework/base/CComponent.php:131
Stack trace:
#0 /Users/tangchao/Sites/yii-1.1.7.r3135/framework/web/auth/CWebUser.php(124): CComponent->__get('rtxname')
#1 /Users/tangchao/Sites/WeeklyReport/protected/views/task/_form.php(20): CWebUser->__get('rtxname')
#2 /Users/tangchao/Sites/yii-1.1.7.r3135/framework/web/CBaseController.php(119): require('/Users/tangchao...')
#3 /Users/tangchao/Sites/yii-1.1.7.r3135/framework/web/CBaseController.php(88): CBaseController->renderInternal('/Users/tangchao...', Array, true)
#4 /Users/tangchao/Sites/yii-1.1.7.r3135/framework/web/CController.php(866): CBaseController->renderFile('/Users/tangchao...', Array, true)
#5 /Users/tangchao/Sites/WeeklyReport/protected/views/task/create.php(15): CController->renderPartial('_form', Array)
#6 /Users/tangchao/Sites/yii-1.1.7.r3135/framework/web/CBaseController.php(119): require('/Users/tangchao...')
#7 /Users/tangchao/Sites/yii-1.1.7.r3135/framework/web/CBaseController.php(88): CBaseController->renderInternal('/Users/tangchao...', Array, true)
#8 /Users/tangchao/Sites/yii-1.1.7.r3135/framework/web/CController.php(866): CBaseController->renderFile('/Users/tangchao...', Array, true)
#9 /Users/tangchao/Sites/yii-1.1.7.r3135/framework/web/CController.php(779): CController->renderPartial('create', Array, true)
#10 /Users/tangchao/Sites/WeeklyReport/protected/controllers/TaskController.php(90): CController->render('create', Array)
#11 /Users/tangchao/Sites/yii-1.1.7.r3135/framework/web/actions/CInlineAction.php(50): TaskController->actionCreate()
#12 /Users/tangchao/Sites/yii-1.1.7.r3135/framework/web/CController.php(300): CInlineAction->runWithParams(Array)
#13 /Users/tangchao/Sites/yii-1.1.7.r3135/framework/web/filters/CFilterChain.php(133): CController->runAction(Object(CInlineAction))
#14 /Users/tangchao/Sites/yii-1.1.7.r3135/framework/web/filters/CFilter.php(41): CFilterChain->run()
#15 /Users/tangchao/Sites/yii-1.1.7.r3135/framework/web/CController.php(1122): CFilter->filter(Object(CFilterChain))
#16 /Users/tangchao/Sites/yii-1.1.7.r3135/framework/web/filters/CInlineFilter.php(59): CController->filterAccessControl(Object(CFilterChain))
#17 /Users/tangchao/Sites/yii-1.1.7.r3135/framework/web/filters/CFilterChain.php(130): CInlineFilter->filter(Object(CFilterChain))
#18 /Users/tangchao/Sites/yii-1.1.7.r3135/framework/web/CController.php(283): CFilterChain->run()
#19 /Users/tangchao/Sites/yii-1.1.7.r3135/framework/web/CController.php(257): CController->runActionWithFilters(Object(CInlineAction), Array)
#20 /Users/tangchao/Sites/yii-1.1.7.r3135/framework/web/CWebApplication.php(328): CController->run('create')
#21 /Users/tangchao/Sites/yii-1.1.7.r3135/framework/web/CWebApplication.php(121): CWebApplication->runController('task/create')
#22 /Users/tangchao/Sites/yii-1.1.7.r3135/framework/base/CApplication.php(155): CWebApplication->processRequest()
#23 /Users/tangchao/Sites/WeeklyReport/index.php(13): CApplication->run()
#24 {main} REQUEST_URI=/WeeklyReport/index.php?r=task/create
2011/04/24 17:38:48 [error] [exception.CException] exception 'CException' with message 'CActiveForm does not have a method named "hidden".' in /Users/tangchao/Sites/yii-1.1.7.r3135/framework/base/CComponent.php:266
Stack trace:
#0 /Users/tangchao/Sites/WeeklyReport/protected/views/task/_form.php(20): CComponent->__call('hidden', Array)
#1 /Users/tangchao/Sites/WeeklyReport/protected/views/task/_form.php(20): CActiveForm->hidden(Object(Task), 'rtxname', Array)
#2 /Users/tangchao/Sites/yii-1.1.7.r3135/framework/web/CBaseController.php(119): require('/Users/tangchao...')
#3 /Users/tangchao/Sites/yii-1.1.7.r3135/framework/web/CBaseController.php(88): CBaseController->renderInternal('/Users/tangchao...', Array, true)
#4 /Users/tangchao/Sites/yii-1.1.7.r3135/framework/web/CController.php(866): CBaseController->renderFile('/Users/tangchao...', Array, true)
#5 /Users/tangchao/Sites/WeeklyReport/protected/views/task/create.php(15): CController->renderPartial('_form', Array)
#6 /Users/tangchao/Sites/yii-1.1.7.r3135/framework/web/CBaseController.php(119): require('/Users/tangchao...')
#7 /Users/tangchao/Sites/yii-1.1.7.r3135/framework/web/CBaseController.php(88): CBaseController->renderInternal('/Users/tangchao...', Array, true)
#8 /Users/tangchao/Sites/yii-1.1.7.r3135/framework/web/CController.php(866): CBaseController->renderFile('/Users/tangchao...', Array, true)
#9 /Users/tangchao/Sites/yii-1.1.7.r3135/framework/web/CController.php(779): CController->renderPartial('create', Array, true)
#10 /Users/tangchao/Sites/WeeklyReport/protected/controllers/TaskController.php(90): CController->render('create', Array)
#11 /Users/tangchao/Sites/yii-1.1.7.r3135/framework/web/actions/CInlineAction.php(50): TaskController->actionCreate()
#12 /Users/tangchao/Sites/yii-1.1.7.r3135/framework/web/CController.php(300): CInlineAction->runWithParams(Array)
#13 /Users/tangchao/Sites/yii-1.1.7.r3135/framework/web/filters/CFilterChain.php(133): CController->runAction(Object(CInlineAction))
#14 /Users/tangchao/Sites/yii-1.1.7.r3135/framework/web/filters/CFilter.php(41): CFilterChain->run()
#15 /Users/tangchao/Sites/yii-1.1.7.r3135/framework/web/CController.php(1122): CFilter->filter(Object(CFilterChain))
#16 /Users/tangchao/Sites/yii-1.1.7.r3135/framework/web/filters/CInlineFilter.php(59): CController->filterAccessControl(Object(CFilterChain))
#17 /Users/tangchao/Sites/yii-1.1.7.r3135/framework/web/filters/CFilterChain.php(130): CInlineFilter->filter(Object(CFilterChain))
#18 /Users/tangchao/Sites/yii-1.1.7.r3135/framework/web/CController.php(283): CFilterChain->run()
#19 /Users/tangchao/Sites/yii-1.1.7.r3135/framework/web/CController.php(257): CController->runActionWithFilters(Object(CInlineAction), Array)
#20 /Users/tangchao/Sites/yii-1.1.7.r3135/framework/web/CWebApplication.php(328): CController->run('create')
#21 /Users/tangchao/Sites/yii-1.1.7.r3135/framework/web/CWebApplication.php(121): CWebApplication->runController('task/create')
#22 /Users/tangchao/Sites/yii-1.1.7.r3135/framework/base/CApplication.php(155): CWebApplication->processRequest()
#23 /Users/tangchao/Sites/WeeklyReport/index.php(13): CApplication->run()
#24 {main} REQUEST_URI=/WeeklyReport/index.php?r=task/create
2011/04/24 17:40:08 [error] [php] Undefined variable: Yii (/Users/tangchao/Sites/WeeklyReport/protected/views/task/_form.php:20)
Stack trace:
#0 /Users/tangchao/Sites/yii-1.1.7.r3135/framework/web/CController.php(866): TaskController->renderFile()
#1 /Users/tangchao/Sites/WeeklyReport/protected/views/task/create.php(15): TaskController->renderPartial()
#2 /Users/tangchao/Sites/yii-1.1.7.r3135/framework/web/CBaseController.php(119): require()
#3 /Users/tangchao/Sites/yii-1.1.7.r3135/framework/web/CBaseController.php(88): TaskController->renderInternal()
#4 /Users/tangchao/Sites/yii-1.1.7.r3135/framework/web/CController.php(866): TaskController->renderFile()
#5 /Users/tangchao/Sites/yii-1.1.7.r3135/framework/web/CController.php(779): TaskController->renderPartial()
#6 /Users/tangchao/Sites/WeeklyReport/protected/controllers/TaskController.php(90): TaskController->render()
#7 /Users/tangchao/Sites/yii-1.1.7.r3135/framework/web/actions/CInlineAction.php(50): TaskController->actionCreate()
#8 /Users/tangchao/Sites/yii-1.1.7.r3135/framework/web/CController.php(300): CInlineAction->runWithParams()
#9 /Users/tangchao/Sites/yii-1.1.7.r3135/framework/web/filters/CFilterChain.php(133): TaskController->runAction()
#10 /Users/tangchao/Sites/yii-1.1.7.r3135/framework/web/filters/CFilter.php(41): CFilterChain->run()
#11 /Users/tangchao/Sites/yii-1.1.7.r3135/framework/web/CController.php(1122): CAccessControlFilter->filter()
#12 /Users/tangchao/Sites/yii-1.1.7.r3135/framework/web/filters/CInlineFilter.php(59): TaskController->filterAccessControl()
#13 /Users/tangchao/Sites/yii-1.1.7.r3135/framework/web/filters/CFilterChain.php(130): CInlineFilter->filter()
#14 /Users/tangchao/Sites/yii-1.1.7.r3135/framework/web/CController.php(283): CFilterChain->run()
#15 /Users/tangchao/Sites/yii-1.1.7.r3135/framework/web/CController.php(257): TaskController->runActionWithFilters()
#16 /Users/tangchao/Sites/yii-1.1.7.r3135/framework/web/CWebApplication.php(328): TaskController->run()
#17 /Users/tangchao/Sites/yii-1.1.7.r3135/framework/web/CWebApplication.php(121): CWebApplication->runController()
#18 /Users/tangchao/Sites/yii-1.1.7.r3135/framework/base/CApplication.php(155): CWebApplication->processRequest()
#19 /Users/tangchao/Sites/WeeklyReport/index.php(13): CWebApplication->run()
REQUEST_URI=/WeeklyReport/index.php?r=task/create
in /Users/tangchao/Sites/WeeklyReport/protected/views/task/_form.php (20)
in /Users/tangchao/Sites/WeeklyReport/protected/views/task/create.php (15)
in /Users/tangchao/Sites/WeeklyReport/protected/controllers/TaskController.php (90)
2011/04/24 18:58:06 [error] [php] Undefined variable: last_week_tasks (/Users/tangchao/Sites/WeeklyReport/protected/controllers/SiteController.php:89)
Stack trace:
#0 /Users/tangchao/Sites/yii-1.1.7.r3135/framework/web/actions/CInlineAction.php(48): CInlineAction->runWithParamsInternal()
#1 /Users/tangchao/Sites/yii-1.1.7.r3135/framework/web/CController.php(300): CInlineAction->runWithParams()
#2 /Users/tangchao/Sites/yii-1.1.7.r3135/framework/web/CController.php(278): SiteController->runAction()
#3 /Users/tangchao/Sites/yii-1.1.7.r3135/framework/web/CController.php(257): SiteController->runActionWithFilters()
#4 /Users/tangchao/Sites/yii-1.1.7.r3135/framework/web/CWebApplication.php(328): SiteController->run()
#5 /Users/tangchao/Sites/yii-1.1.7.r3135/framework/web/CWebApplication.php(121): CWebApplication->runController()
#6 /Users/tangchao/Sites/yii-1.1.7.r3135/framework/base/CApplication.php(155): CWebApplication->processRequest()
#7 /Users/tangchao/Sites/WeeklyReport/index.php(13): CWebApplication->run()
REQUEST_URI=/WeeklyReport/index.php?r=site/index
in /Users/tangchao/Sites/WeeklyReport/protected/controllers/SiteController.php (89)
in /Users/tangchao/Sites/WeeklyReport/index.php (13)
2011/04/24 18:58:38 [error] [php] Trying to get property of non-object (/Users/tangchao/Sites/WeeklyReport/protected/views/site/index.php:98)
Stack trace:
#0 /Users/tangchao/Sites/yii-1.1.7.r3135/framework/web/CController.php(866): SiteController->renderFile()
#1 /Users/tangchao/Sites/yii-1.1.7.r3135/framework/web/CController.php(779): SiteController->renderPartial()
#2 /Users/tangchao/Sites/WeeklyReport/protected/controllers/SiteController.php(91): SiteController->render()
#3 unknown(0): SiteController->actionIndex()
#4 /Users/tangchao/Sites/yii-1.1.7.r3135/framework/web/actions/CAction.php(104): ReflectionMethod->invokeArgs()
#5 /Users/tangchao/Sites/yii-1.1.7.r3135/framework/web/actions/CInlineAction.php(48): CInlineAction->runWithParamsInternal()
#6 /Users/tangchao/Sites/yii-1.1.7.r3135/framework/web/CController.php(300): CInlineAction->runWithParams()
#7 /Users/tangchao/Sites/yii-1.1.7.r3135/framework/web/CController.php(278): SiteController->runAction()
#8 /Users/tangchao/Sites/yii-1.1.7.r3135/framework/web/CController.php(257): SiteController->runActionWithFilters()
#9 /Users/tangchao/Sites/yii-1.1.7.r3135/framework/web/CWebApplication.php(328): SiteController->run()
#10 /Users/tangchao/Sites/yii-1.1.7.r3135/framework/web/CWebApplication.php(121): CWebApplication->runController()
#11 /Users/tangchao/Sites/yii-1.1.7.r3135/framework/base/CApplication.php(155): CWebApplication->processRequest()
#12 /Users/tangchao/Sites/WeeklyReport/index.php(13): CWebApplication->run()
REQUEST_URI=/WeeklyReport/index.php?r=site/index
in /Users/tangchao/Sites/WeeklyReport/protected/views/site/index.php (98)
in /Users/tangchao/Sites/WeeklyReport/protected/controllers/SiteController.php (91)
in /Users/tangchao/Sites/WeeklyReport/index.php (13)
2011/04/24 18:59:28 [error] [exception.CException] exception 'CException' with message 'Property "Task.Continue" is not defined.' in /Users/tangchao/Sites/yii-1.1.7.r3135/framework/base/CComponent.php:131
Stack trace:
#0 /Users/tangchao/Sites/yii-1.1.7.r3135/framework/db/ar/CActiveRecord.php(128): CComponent->__get('Continue')
#1 /Users/tangchao/Sites/WeeklyReport/protected/views/site/index.php(102): CActiveRecord->__get('Continue')
#2 /Users/tangchao/Sites/yii-1.1.7.r3135/framework/web/CBaseController.php(119): require('/Users/tangchao...')
#3 /Users/tangchao/Sites/yii-1.1.7.r3135/framework/web/CBaseController.php(88): CBaseController->renderInternal('/Users/tangchao...', Array, true)
#4 /Users/tangchao/Sites/yii-1.1.7.r3135/framework/web/CController.php(866): CBaseController->renderFile('/Users/tangchao...', Array, true)
#5 /Users/tangchao/Sites/yii-1.1.7.r3135/framework/web/CController.php(779): CController->renderPartial('index', Array, true)
#6 /Users/tangchao/Sites/WeeklyReport/protected/controllers/SiteController.php(91): CController->render('index', Array)
#7 [internal function]: SiteController->actionIndex(NULL)
#8 /Users/tangchao/Sites/yii-1.1.7.r3135/framework/web/actions/CAction.php(104): ReflectionMethod->invokeArgs(Object(SiteController), Array)
#9 /Users/tangchao/Sites/yii-1.1.7.r3135/framework/web/actions/CInlineAction.php(48): CAction->runWithParamsInternal(Object(SiteController), Object(ReflectionMethod), Array)
#10 /Users/tangchao/Sites/yii-1.1.7.r3135/framework/web/CController.php(300): CInlineAction->runWithParams(Array)
#11 /Users/tangchao/Sites/yii-1.1.7.r3135/framework/web/CController.php(278): CController->runAction(Object(CInlineAction))
#12 /Users/tangchao/Sites/yii-1.1.7.r3135/framework/web/CController.php(257): CController->runActionWithFilters(Object(CInlineAction), Array)
#13 /Users/tangchao/Sites/yii-1.1.7.r3135/framework/web/CWebApplication.php(328): CController->run('index')
#14 /Users/tangchao/Sites/yii-1.1.7.r3135/framework/web/CWebApplication.php(121): CWebApplication->runController('site/index')
#15 /Users/tangchao/Sites/yii-1.1.7.r3135/framework/base/CApplication.php(155): CWebApplication->processRequest()
#16 /Users/tangchao/Sites/WeeklyReport/index.php(13): CApplication->run()
#17 {main} REQUEST_URI=/WeeklyReport/index.php?r=site/index
2011/04/24 19:02:09 [error] [php] Undefined variable: curr_start (/Users/tangchao/Sites/WeeklyReport/protected/controllers/SiteController.php:57)
Stack trace:
#0 /Users/tangchao/Sites/yii-1.1.7.r3135/framework/web/actions/CInlineAction.php(48): CInlineAction->runWithParamsInternal()
#1 /Users/tangchao/Sites/yii-1.1.7.r3135/framework/web/CController.php(300): CInlineAction->runWithParams()
#2 /Users/tangchao/Sites/yii-1.1.7.r3135/framework/web/CController.php(278): SiteController->runAction()
#3 /Users/tangchao/Sites/yii-1.1.7.r3135/framework/web/CController.php(257): SiteController->runActionWithFilters()
#4 /Users/tangchao/Sites/yii-1.1.7.r3135/framework/web/CWebApplication.php(328): SiteController->run()
#5 /Users/tangchao/Sites/yii-1.1.7.r3135/framework/web/CWebApplication.php(121): CWebApplication->runController()
#6 /Users/tangchao/Sites/yii-1.1.7.r3135/framework/base/CApplication.php(155): CWebApplication->processRequest()
#7 /Users/tangchao/Sites/WeeklyReport/index.php(13): CWebApplication->run()
REQUEST_URI=/WeeklyReport/index.php?r=site/index&week_id=1
in /Users/tangchao/Sites/WeeklyReport/protected/controllers/SiteController.php (57)
in /Users/tangchao/Sites/WeeklyReport/index.php (13)
2011/04/24 23:36:32 [error] [exception.CHttpException.403] exception 'CHttpException' with message 'You are not authorized to perform this action.' in /Users/tangchao/Sites/yii-1.1.7.r3135/framework/web/auth/CAccessControlFilter.php:157
Stack trace:
#0 /Users/tangchao/Sites/yii-1.1.7.r3135/framework/web/auth/CAccessControlFilter.php(119): CAccessControlFilter->accessDenied(Object(CWebUser), 'You are not aut...')
#1 /Users/tangchao/Sites/yii-1.1.7.r3135/framework/web/filters/CFilter.php(39): CAccessControlFilter->preFilter(Object(CFilterChain))
#2 /Users/tangchao/Sites/yii-1.1.7.r3135/framework/web/CController.php(1122): CFilter->filter(Object(CFilterChain))
#3 /Users/tangchao/Sites/yii-1.1.7.r3135/framework/web/filters/CInlineFilter.php(59): CController->filterAccessControl(Object(CFilterChain))
#4 /Users/tangchao/Sites/yii-1.1.7.r3135/framework/web/filters/CFilterChain.php(130): CInlineFilter->filter(Object(CFilterChain))
#5 /Users/tangchao/Sites/yii-1.1.7.r3135/framework/web/CController.php(283): CFilterChain->run()
#6 /Users/tangchao/Sites/yii-1.1.7.r3135/framework/web/CController.php(257): CController->runActionWithFilters(Object(CInlineAction), Array)
#7 /Users/tangchao/Sites/yii-1.1.7.r3135/framework/web/CWebApplication.php(328): CController->run('create')
#8 /Users/tangchao/Sites/yii-1.1.7.r3135/framework/web/CWebApplication.php(121): CWebApplication->runController('lookup/create')
#9 /Users/tangchao/Sites/yii-1.1.7.r3135/framework/base/CApplication.php(155): CWebApplication->processRequest()
#10 /Users/tangchao/Sites/WeeklyReport/index.php(13): CApplication->run()
#11 {main} REQUEST_URI=/WeeklyReport/index.php?r=lookup/create
2011/04/24 23:38:50 [error] [system.db.CDbCommand] CDbCommand::execute() failed: SQLSTATE[23000]: Integrity constraint violation: 1062 Duplicate entry 'phourmliang' for key 'rtxname'. The SQL statement executed was: INSERT INTO `task` (`weeknum`, `rtxname`, `project`, `task`, `cost`, `complete`, `continue`) VALUES (:yp0, :yp1, :yp2, :yp3, :yp4, :yp5, :yp6).
in /Users/tangchao/Sites/WeeklyReport/protected/controllers/TaskController.php (93)
in /Users/tangchao/Sites/WeeklyReport/index.php (13)
2011/04/24 23:38:50 [error] [exception.CDbException] exception 'CDbException' with message 'CDbCommand failed to execute the SQL statement: SQLSTATE[23000]: Integrity constraint violation: 1062 Duplicate entry 'phourmliang' for key 'rtxname'. The SQL statement executed was: INSERT INTO `task` (`weeknum`, `rtxname`, `project`, `task`, `cost`, `complete`, `continue`) VALUES (:yp0, :yp1, :yp2, :yp3, :yp4, :yp5, :yp6)' in /Users/tangchao/Sites/yii-1.1.7.r3135/framework/db/CDbCommand.php:338
Stack trace:
#0 /Users/tangchao/Sites/yii-1.1.7.r3135/framework/db/ar/CActiveRecord.php(1015): CDbCommand->execute()
#1 /Users/tangchao/Sites/yii-1.1.7.r3135/framework/db/ar/CActiveRecord.php(779): CActiveRecord->insert(NULL)
#2 /Users/tangchao/Sites/WeeklyReport/protected/controllers/TaskController.php(93): CActiveRecord->save()
#3 /Users/tangchao/Sites/yii-1.1.7.r3135/framework/web/actions/CInlineAction.php(50): TaskController->actionCreate()
#4 /Users/tangchao/Sites/yii-1.1.7.r3135/framework/web/CController.php(300): CInlineAction->runWithParams(Array)
#5 /Users/tangchao/Sites/yii-1.1.7.r3135/framework/web/filters/CFilterChain.php(133): CController->runAction(Object(CInlineAction))
#6 /Users/tangchao/Sites/yii-1.1.7.r3135/framework/web/filters/CFilter.php(41): CFilterChain->run()
#7 /Users/tangchao/Sites/yii-1.1.7.r3135/framework/web/CController.php(1122): CFilter->filter(Object(CFilterChain))
#8 /Users/tangchao/Sites/yii-1.1.7.r3135/framework/web/filters/CInlineFilter.php(59): CController->filterAccessControl(Object(CFilterChain))
#9 /Users/tangchao/Sites/yii-1.1.7.r3135/framework/web/filters/CFilterChain.php(130): CInlineFilter->filter(Object(CFilterChain))
#10 /Users/tangchao/Sites/yii-1.1.7.r3135/framework/web/CController.php(283): CFilterChain->run()
#11 /Users/tangchao/Sites/yii-1.1.7.r3135/framework/web/CController.php(257): CController->runActionWithFilters(Object(CInlineAction), Array)
#12 /Users/tangchao/Sites/yii-1.1.7.r3135/framework/web/CWebApplication.php(328): CController->run('create')
#13 /Users/tangchao/Sites/yii-1.1.7.r3135/framework/web/CWebApplication.php(121): CWebApplication->runController('task/create')
#14 /Users/tangchao/Sites/yii-1.1.7.r3135/framework/base/CApplication.php(155): CWebApplication->processRequest()
#15 /Users/tangchao/Sites/WeeklyReport/index.php(13): CApplication->run()
#16 {main} REQUEST_URI=/WeeklyReport/index.php?r=task/create
2011/04/24 23:47:29 [error] [exception.CHttpException.403] exception 'CHttpException' with message 'You are not authorized to perform this action.' in /Users/tangchao/Sites/yii-1.1.7.r3135/framework/web/auth/CAccessControlFilter.php:157
Stack trace:
#0 /Users/tangchao/Sites/yii-1.1.7.r3135/framework/web/auth/CAccessControlFilter.php(119): CAccessControlFilter->accessDenied(Object(CWebUser), 'You are not aut...')
#1 /Users/tangchao/Sites/yii-1.1.7.r3135/framework/web/filters/CFilter.php(39): CAccessControlFilter->preFilter(Object(CFilterChain))
#2 /Users/tangchao/Sites/yii-1.1.7.r3135/framework/web/CController.php(1122): CFilter->filter(Object(CFilterChain))
#3 /Users/tangchao/Sites/yii-1.1.7.r3135/framework/web/filters/CInlineFilter.php(59): CController->filterAccessControl(Object(CFilterChain))
#4 /Users/tangchao/Sites/yii-1.1.7.r3135/framework/web/filters/CFilterChain.php(130): CInlineFilter->filter(Object(CFilterChain))
#5 /Users/tangchao/Sites/yii-1.1.7.r3135/framework/web/CController.php(283): CFilterChain->run()
#6 /Users/tangchao/Sites/yii-1.1.7.r3135/framework/web/CController.php(257): CController->runActionWithFilters(Object(CInlineAction), Array)
#7 /Users/tangchao/Sites/yii-1.1.7.r3135/framework/web/CWebApplication.php(328): CController->run('delete')
#8 /Users/tangchao/Sites/yii-1.1.7.r3135/framework/web/CWebApplication.php(121): CWebApplication->runController('task/delete')
#9 /Users/tangchao/Sites/yii-1.1.7.r3135/framework/base/CApplication.php(155): CWebApplication->processRequest()
#10 /Users/tangchao/Sites/WeeklyReport/index.php(13): CApplication->run()
#11 {main} REQUEST_URI=/WeeklyReport/index.php?r=task/delete&id=1
2011/04/24 23:55:15 [error] [php] Trying to get property of non-object (/Users/tangchao/Sites/WeeklyReport/protected/views/site/index.php:110)
Stack trace:
#0 /Users/tangchao/Sites/yii-1.1.7.r3135/framework/web/CController.php(866): SiteController->renderFile()
#1 /Users/tangchao/Sites/yii-1.1.7.r3135/framework/web/CController.php(779): SiteController->renderPartial()
#2 /Users/tangchao/Sites/WeeklyReport/protected/controllers/SiteController.php(130): SiteController->render()
#3 unknown(0): SiteController->actionIndex()
#4 /Users/tangchao/Sites/yii-1.1.7.r3135/framework/web/actions/CAction.php(104): ReflectionMethod->invokeArgs()
#5 /Users/tangchao/Sites/yii-1.1.7.r3135/framework/web/actions/CInlineAction.php(48): CInlineAction->runWithParamsInternal()
#6 /Users/tangchao/Sites/yii-1.1.7.r3135/framework/web/CController.php(300): CInlineAction->runWithParams()
#7 /Users/tangchao/Sites/yii-1.1.7.r3135/framework/web/CController.php(278): SiteController->runAction()
#8 /Users/tangchao/Sites/yii-1.1.7.r3135/framework/web/CController.php(257): SiteController->runActionWithFilters()
#9 /Users/tangchao/Sites/yii-1.1.7.r3135/framework/web/CWebApplication.php(328): SiteController->run()
#10 /Users/tangchao/Sites/yii-1.1.7.r3135/framework/web/CWebApplication.php(121): CWebApplication->runController()
#11 /Users/tangchao/Sites/yii-1.1.7.r3135/framework/base/CApplication.php(155): CWebApplication->processRequest()
#12 /Users/tangchao/Sites/WeeklyReport/index.php(13): CWebApplication->run()
REQUEST_URI=/WeeklyReport/index.php?r=site/index
in /Users/tangchao/Sites/WeeklyReport/protected/views/site/index.php (110)
in /Users/tangchao/Sites/WeeklyReport/protected/controllers/SiteController.php (130)
in /Users/tangchao/Sites/WeeklyReport/index.php (13)
2011/04/24 23:55:55 [error] [php] Undefined variable: curr_week_task_list (/Users/tangchao/Sites/WeeklyReport/protected/views/site/index.php:110)
Stack trace:
#0 /Users/tangchao/Sites/yii-1.1.7.r3135/framework/web/CController.php(866): SiteController->renderFile()
#1 /Users/tangchao/Sites/yii-1.1.7.r3135/framework/web/CController.php(779): SiteController->renderPartial()
#2 /Users/tangchao/Sites/WeeklyReport/protected/controllers/SiteController.php(130): SiteController->render()
#3 unknown(0): SiteController->actionIndex()
#4 /Users/tangchao/Sites/yii-1.1.7.r3135/framework/web/actions/CAction.php(104): ReflectionMethod->invokeArgs()
#5 /Users/tangchao/Sites/yii-1.1.7.r3135/framework/web/actions/CInlineAction.php(48): CInlineAction->runWithParamsInternal()
#6 /Users/tangchao/Sites/yii-1.1.7.r3135/framework/web/CController.php(300): CInlineAction->runWithParams()
#7 /Users/tangchao/Sites/yii-1.1.7.r3135/framework/web/CController.php(278): SiteController->runAction()
#8 /Users/tangchao/Sites/yii-1.1.7.r3135/framework/web/CController.php(257): SiteController->runActionWithFilters()
#9 /Users/tangchao/Sites/yii-1.1.7.r3135/framework/web/CWebApplication.php(328): SiteController->run()
#10 /Users/tangchao/Sites/yii-1.1.7.r3135/framework/web/CWebApplication.php(121): CWebApplication->runController()
#11 /Users/tangchao/Sites/yii-1.1.7.r3135/framework/base/CApplication.php(155): CWebApplication->processRequest()
#12 /Users/tangchao/Sites/WeeklyReport/index.php(13): CWebApplication->run()
REQUEST_URI=/WeeklyReport/index.php?r=site/index
in /Users/tangchao/Sites/WeeklyReport/protected/views/site/index.php (110)
in /Users/tangchao/Sites/WeeklyReport/protected/controllers/SiteController.php (130)
in /Users/tangchao/Sites/WeeklyReport/index.php (13)
